Using pre-set license
Built from '2020.2/staging' branch; Version is '2020.2.3f1 (8ff31bc5bf5b) revision 9433883'; Using compiler version '192528614'; Build Type 'Release'
OS: 'Windows 10 Home; OS build 19042.928; Version 2009; 64bit' Language: 'es' Physical Memory: 8074 MB
BatchMode: 1, IsHumanControllingUs: 0, StartBugReporterOnCrash: 0, Is64bit: 1, IsPro: 0

 COMMAND LINE ARGUMENTS:
C:\Program Files\Unity\Hub\Editor\2020.2.3f1\Editor\Unity.exe
-adb2
-batchMode
-noUpm
-name
AssetImportWorker6
-projectPath
A:/UNI/2 curso/Videojuegos/Unity/Pelea de invalidos
-logFile
Logs/AssetImportWorker6.log
-srvPort
54820
Successfully changed project path to: A:/UNI/2 curso/Videojuegos/Unity/Pelea de invalidos
A:/UNI/2 curso/Videojuegos/Unity/Pelea de invalidos
Using Asset Import Pipeline V2.
Refreshing native plugins compatible for Editor in 77.39 ms, found 0 plugins.
Preloading 0 native plugins for Editor in 0.00 ms.
Initialize engine version: 2020.2.3f1 (8ff31bc5bf5b)
[Subsystems] Discovering subsystems at path C:/Program Files/Unity/Hub/Editor/2020.2.3f1/Editor/Data/Resources/UnitySubsystems
[Subsystems] Discovering subsystems at path A:/UNI/2 curso/Videojuegos/Unity/Pelea de invalidos/Assets
GfxDevice: creating device client; threaded=0
Direct3D:
    Version:  Direct3D 11.0 [level 11.0]
    Renderer: NVIDIA GeForce MX110 (ID=0x174e)
    Vendor:   
    VRAM:     2010 MB
    Driver:   27.21.14.6611
Initialize mono
Mono path[0] = 'C:/Program Files/Unity/Hub/Editor/2020.2.3f1/Editor/Data/Managed'
Mono path[1] = 'C:/Program Files/Unity/Hub/Editor/2020.2.3f1/Editor/Data/MonoBleedingEdge/lib/mono/unityjit'
Mono config path = 'C:/Program Files/Unity/Hub/Editor/2020.2.3f1/Editor/Data/MonoBleedingEdge/etc'
Using monoOptions --debugger-agent=transport=dt_socket,embedding=1,server=y,suspend=n,address=127.0.0.1:56284
Begin MonoManager ReloadAssembly
Registering precompiled unity dll's ...
Register platform support module: C:/Program Files/Unity/Hub/Editor/2020.2.3f1/Editor/Data/PlaybackEngines/WebGLSupport/UnityEditor.WebGL.Extensions.dll
Register platform support module: C:/Program Files/Unity/Hub/Editor/2020.2.3f1/Editor/Data/PlaybackEngines/WindowsStandaloneSupport/UnityEditor.WindowsStandalone.Extensions.dll
Registered in 0.005325 seconds.
Native extension for WindowsStandalone target not found
Native extension for WebGL target not found
Refreshing native plugins compatible for Editor in 55.84 ms, found 0 plugins.
Preloading 0 native plugins for Editor in 0.00 ms.
Invoked RoslynAnalysisRunner static constructor.
RoslynAnalysisRunner will not be running.
RoslynAnalysisRunner has terminated.
Mono: successfully reloaded assembly
- Completed reload, in  4.198 seconds
Platform modules already initialized, skipping
Registering precompiled user dll's ...
Registered in 0.001505 seconds.
Begin MonoManager ReloadAssembly
Native extension for WindowsStandalone target not found
Native extension for WebGL target not found
Refreshing native plugins compatible for Editor in 36.19 ms, found 0 plugins.
Preloading 0 native plugins for Editor in 0.00 ms.
Invoked RoslynAnalysisRunner static constructor.
RoslynAnalysisRunner will not be running.
RoslynAnalysisRunner has terminated.
Mono: successfully reloaded assembly
- Completed reload, in  1.123 seconds
Platform modules already initialized, skipping
========================================================================
Worker process is ready to serve import requests
Launched and connected shader compiler UnityShaderCompiler.exe after 0.09 seconds
Refreshing native plugins compatible for Editor in 0.27 ms, found 0 plugins.
Preloading 0 native plugins for Editor in 0.00 ms.
Unloading 1414 Unused Serialized files (Serialized files now loaded: 0)
System memory in use before: 67.8 MB.
System memory in use after: 67.8 MB.

Unloading 11 unused Assets to reduce memory usage. Loaded Objects now: 1860.
Total: 2.492600 ms (FindLiveObjects: 0.244200 ms CreateObjectMapping: 0.064700 ms MarkObjects: 2.099400 ms  DeleteObjects: 0.083200 ms)

========================================================================
Received Prepare
Refreshing native plugins compatible for Editor in 1.51 ms, found 0 plugins.
Preloading 0 native plugins for Editor in 0.00 ms.
Unloading 2 Unused Serialized files (Serialized files now loaded: 0)
System memory in use before: 39.6 MB.
System memory in use after: 39.7 MB.

Unloading 2 unused Assets to reduce memory usage. Loaded Objects now: 1860.
Total: 3.379900 ms (FindLiveObjects: 0.326200 ms CreateObjectMapping: 0.104100 ms MarkObjects: 2.923400 ms  DeleteObjects: 0.024000 ms)

========================================================================
Received Import Request.
  path: Assets/Scripts
  artifactKey: Guid(2b213fb2fd62c3f4bbe7ec531b7420fd) Importer(815301076,1909f56bfc062723c751e8b465ee728b)
Start importing Assets/Scripts using Guid(2b213fb2fd62c3f4bbe7ec531b7420fd) Importer(815301076,1909f56bfc062723c751e8b465ee728b)  -> (artifact id: '50a86d00bffbac0fe6d28624fc1ceb7f') in 0.046595 seconds
  Import took 0.075556 seconds .

========================================================================
Received Import Request.
  Time since last request: 2.109759 seconds.
  path: Assets/Scripts/Player
  artifactKey: Guid(34fbbf71378bca0499fe7e6727cb678e) Importer(815301076,1909f56bfc062723c751e8b465ee728b)
Start importing Assets/Scripts/Player using Guid(34fbbf71378bca0499fe7e6727cb678e) Importer(815301076,1909f56bfc062723c751e8b465ee728b)  -> (artifact id: 'c38d65fd53cf57af40e7f329277227aa') in 0.044210 seconds
  Import took 0.048408 seconds .

========================================================================
Received Import Request.
  Time since last request: 2.062329 seconds.
  path: Assets/Scripts/Items
  artifactKey: Guid(629e0059a075ef44b98bed6097a75662) Importer(815301076,1909f56bfc062723c751e8b465ee728b)
Start importing Assets/Scripts/Items using Guid(629e0059a075ef44b98bed6097a75662) Importer(815301076,1909f56bfc062723c751e8b465ee728b)  -> (artifact id: 'd157a35b83d857e72057bae55923ae60') in 0.010053 seconds
  Import took 0.085748 seconds .

========================================================================
Received Import Request.
  Time since last request: 1.118832 seconds.
  path: Assets/InputSystem.inputsettings.asset
  artifactKey: Guid(a8f2ff5481bdc274e8297b1d621015ac) Importer(815301076,1909f56bfc062723c751e8b465ee728b)
Start importing Assets/InputSystem.inputsettings.asset using Guid(a8f2ff5481bdc274e8297b1d621015ac) Importer(815301076,1909f56bfc062723c751e8b465ee728b)  -> (artifact id: '3458a95e40f333fa339c98292f36d5e2') in 0.167180 seconds
  Import took 0.202370 seconds .

========================================================================
Received Import Request.
  Time since last request: 0.000322 seconds.
  path: Assets/PlayerControls.inputactions
  artifactKey: Guid(c056794aba7f45941b96ca9f1d20773c) Importer(815301076,1909f56bfc062723c751e8b465ee728b)
Start importing Assets/PlayerControls.inputactions using Guid(c056794aba7f45941b96ca9f1d20773c) Importer(815301076,1909f56bfc062723c751e8b465ee728b)  -> (artifact id: '8be1bb1cebb5d01f875376474b4c3b80') in 0.020602 seconds
  Import took 0.024637 seconds .

AssetImportWorkerClient::OnTransportError - code=2 error=End of file
